<?xml version="1.0" encoding="UTF-8"?>
<!-- Generated by org.testng.reporters.JUnitXMLReporter -->
<testsuite hostname="DESKTOP-GH3CJ3T" name="All Tests" tests="22" failures="0" timestamp="26 May 2021 13:34:41 GMT" time="62.204" errors="0">
  <testcase name="popUppresent" time="0.206" classname="testScenarios.TS1_navigateToCabs"/>
  <testcase name="navigateToCabs" time="1.777" classname="testScenarios.TS1_navigateToCabs"/>
  <testcase name="selectOneWayBooking" time="0.556" classname="testScenarios.TS3_bookACab"/>
  <testcase name="enterSourceCity" time="2.546" classname="testScenarios.TS3_bookACab"/>
  <testcase name="enterSameCity" time="4.183" classname="testScenarios.TS3_bookACab"/>
  <testcase name="enterDestinationCity" time="2.089" classname="testScenarios.TS3_bookACab"/>
  <testcase name="enterDepartureDate" time="1.807" classname="testScenarios.TS3_bookACab"/>
  <testcase name="selectPickupTime" time="1.128" classname="testScenarios.TS3_bookACab"/>
  <testcase name="clickSearch" time="8.0" classname="testScenarios.TS3_bookACab"/>
  <testcase name="selectCarType" time="4.857" classname="testScenarios.TS4_searchResultCabs"/>
  <testcase name="filterPrice" time="1.062" classname="testScenarios.TS4_searchResultCabs"/>
  <testcase name="displayAvailableCars" time="4.717" classname="testScenarios.TS4_searchResultCabs"/>
  <testcase name="displayLowestPrice" time="3.314" classname="testScenarios.TS4_searchResultCabs"/>
  <testcase name="navigateToHotels" time="7.606" classname="testScenarios.TS2_navigateToHotels"/>
  <testcase name="checkforPopUps" time="0.719" classname="testScenarios.TS2_navigateToHotels"/>
  <testcase name="selectCity" time="4.473" classname="testScenarios.TS6_bookHotel"/>
  <testcase name="enterCheckInDate" time="1.896" classname="testScenarios.TS6_bookHotel"/>
  <testcase name="enterCheckOutDate" time="0.591" classname="testScenarios.TS6_bookHotel"/>
  <testcase name="enterRooms" time="1.612" classname="testScenarios.TS6_bookHotel"/>
  <testcase name="navigateToGiftCard" time="0.456" classname="testScenarios.TS2_navigateToGiftCards"/>
  <testcase name="selectGroupGifting" time="8.325" classname="testScenarios.TS5_groupGifting"/>
  <testcase name="enterCardDetails" time="0.011" classname="testScenarios.TS5_groupGifting"/>
</testsuite> <!-- All Tests -->
