<?xml version="1.0" encoding="UTF-8"?>
<testsuite xmlns:xsi="http://www.w3.org/2001/XMLSchema-instance" xsi:noNamespaceSchemaLocation="https://maven.apache.org/surefire/maven-surefire-plugin/xsd/surefire-test-report-3.0.xsd" version="3.0" name="TestSuite" time="95.009" tests="22" errors="0" skipped="0" failures="0">
  <properties>
[...]
</properties>
  <testcase name="popUppresent" classname="testScenarios.TS1_navigateToCabs" time="0.131">
    <system-out><![CDATA[No Popup
]]></system-out>
    <system-err><![CDATA[1622035998203	geckodriver	INFO	Listening on 127.0.0.1:7665
1622035999586	mozrunner::runner	INFO	Running command: "C:\\Program Files\\Mozilla Firefox\\firefox.exe" "--marionette" "-foreground" "-no-remote" "-profile" "C:\\Users\\GOKULKUMAR\\AppData\\Local\\Temp\\rust_mozprofilecMzwXO"
1622036001504	Marionette	INFO	Marionette enabled
console.warn: SearchSettings: "get: No settings file exists, new profile?" (new Error("", "(unknown module)"))
1622036007639	Marionette	INFO	Listening on port 51482
1622036008039	Marionette	WARN	TLS certificate errors will be ignored for this session
May 26, 2021 7:03:28 PM org.openqa.selenium.remote.ProtocolHandshake createSession
INFO: Detected dialect: W3C
]]></system-err>
  </testcase>
  <testcase name="navigateToCabs" classname="testScenarios.TS1_navigateToCabs" time="1.788">
    <system-err><![CDATA[1622036020207	Marionette	WARN	TimedPromise timed out after 500 ms: stacktrace:
TimedPromise/<@chrome://marionette/content/sync.js:237:19
TimedPromise@chrome://marionette/content/sync.js:222:10
interaction.flushEventLoop@chrome://marionette/content/interaction.js:431:10
webdriverClickElement@chrome://marionette/content/interaction.js:179:31
]]></system-err>
  </testcase>
  <testcase name="selectOneWayBooking" classname="testScenarios.TS3_bookACab" time="0.546">
    <system-err><![CDATA[1622036021290	Marionette	WARN	Ignoring event 'pageshow' because document has an invalid readyState of 'interactive'.
]]></system-err>
  </testcase>
  <testcase name="enterSourceCity" classname="testScenarios.TS3_bookACab" time="2.552"/>
  <testcase name="enterSameCity" classname="testScenarios.TS3_bookACab" time="4.169"/>
  <testcase name="enterDestinationCity" classname="testScenarios.TS3_bookACab" time="2.107">
    <system-err><![CDATA[JavaScript error: , line 0: uncaught exception: null
JavaScript error: , line 0: uncaught exception: null
JavaScript error: , line 0: uncaught exception: null
JavaScript error: , line 0: uncaught exception: null
JavaScript error: , line 0: uncaught exception: null
]]></system-err>
  </testcase>
  <testcase name="enterDepartureDate" classname="testScenarios.TS3_bookACab" time="1.798"/>
  <testcase name="selectPickupTime" classname="testScenarios.TS3_bookACab" time="1.125"/>
  <testcase name="clickSearch" classname="testScenarios.TS3_bookACab" time="8.004">
    <system-err><![CDATA[1622036039296	Marionette	WARN	Ignoring event 'pageshow' because document has an invalid readyState of 'interactive'.
]]></system-err>
  </testcase>
  <testcase name="selectCarType" classname="testScenarios.TS4_searchResultCabs" time="4.855"/>
  <testcase name="filterPrice" classname="testScenarios.TS4_searchResultCabs" time="1.06"/>
  <testcase name="displayAvailableCars" classname="testScenarios.TS4_searchResultCabs" time="4.718">
    <system-out><![CDATA[
Car Name: Xylo, ErtigaType: SUV Price: Rs. 9,599
Car Name: Maruti Suzuki ErtigaType: SUV Price: Rs. 12,647
Car Name: Innova CrystaType: SUV Price: Rs. 15,295
]]></system-out>
  </testcase>
  <testcase name="displayLowestPrice" classname="testScenarios.TS4_searchResultCabs" time="3.314">
    <system-out><![CDATA[The Lowest Price: 
Car Name: Xylo, ErtigaType: SUV Price: Rs. 9,599
]]></system-out>
  </testcase>
  <testcase name="navigateToHotels" classname="testScenarios.TS2_navigateToHotels" time="7.607"/>
  <testcase name="checkforPopUps" classname="testScenarios.TS2_navigateToHotels" time="0.719">
    <system-out><![CDATA[Popup occured
]]></system-out>
  </testcase>
  <testcase name="selectCity" classname="testScenarios.TS6_bookHotel" time="4.478">
    <system-err><![CDATA[1622036064963	Marionette	WARN	Ignoring event 'pageshow' because document has an invalid readyState of 'interactive'.
]]></system-err>
  </testcase>
  <testcase name="enterCheckInDate" classname="testScenarios.TS6_bookHotel" time="1.891"/>
  <testcase name="enterCheckOutDate" classname="testScenarios.TS6_bookHotel" time="0.593"/>
  <testcase name="enterRooms" classname="testScenarios.TS6_bookHotel" time="1.615">
    <system-out><![CDATA[1
2
3
4
5
6
7
8
9
10
11
12
]]></system-out>
  </testcase>
  <testcase name="navigateToGiftCard" classname="testScenarios.TS2_navigateToGiftCards" time="0.453"/>
  <testcase name="selectGroupGifting" classname="testScenarios.TS5_groupGifting" time="8.338">
    <system-out><![CDATA[The group_gifting page is not responding
]]></system-out>
    <system-err><![CDATA[JavaScript error: https://www.makemytrip.com/gift-cards/, line 66: ReferenceError: $ is not defined
]]></system-err>
  </testcase>
  <testcase name="enterCardDetails" classname="testScenarios.TS5_groupGifting" time="0"/>
</testsuite>